<?xml version="1.0" encoding="UTF-8"?>
<coverage generated="1709678797124" clover="3.2.0">
  <project timestamp="1709678797124" name="All files">
    <metrics statements="15" coveredstatements="15" conditionals="18" coveredconditionals="18" methods="4" coveredmethods="4" elements="37" coveredelements="37" complexity="0" loc="15" ncloc="15" packages="1" files="1" classes="1"/>
    <file name="calc.js" path="/home/trigz/GitSpace/CodeInstitute/jest1/scripts/calc.js">
      <metrics statements="15" coveredstatements="15" conditionals="18" coveredconditionals="18" methods="4" coveredmethods="4"/>
      <line num="2" count="5" type="cond" truecount="4" falsecount="0"/>
      <line num="3" count="1" type="stmt"/>
      <line num="5" count="4" type="stmt"/>
      <line num="11" count="5" type="cond" truecount="4" falsecount="0"/>
      <line num="12" count="1" type="stmt"/>
      <line num="14" count="4" type="stmt"/>
      <line num="19" count="5" type="cond" truecount="4" falsecount="0"/>
      <line num="20" count="1" type="stmt"/>
      <line num="22" count="4" type="stmt"/>
      <line num="27" count="6" type="cond" truecount="4" falsecount="0"/>
      <line num="28" count="1" type="stmt"/>
      <line num="30" count="5" type="cond" truecount="2" falsecount="0"/>
      <line num="31" count="1" type="stmt"/>
      <line num="33" count="4" type="stmt"/>
      <line num="39" count="1" type="stmt"/>
    </file>
  </project>
</coverage>
