<?xml version="1.0" encoding="UTF-8"?>
<coverage generated="1709680440300" clover="3.2.0">
  <project timestamp="1709680440300" name="All files">
    <metrics statements="17" coveredstatements="16" conditionals="22" coveredconditionals="21" methods="4" coveredmethods="4" elements="43" coveredelements="41" complexity="0" loc="17" ncloc="17" packages="1" files="1" classes="1"/>
    <file name="calc.js" path="/home/trigz/GitSpace/CodeInstitute/jest1/scripts/calc.js">
      <metrics statements="17" coveredstatements="16" conditionals="22" coveredconditionals="21" methods="4" coveredmethods="4"/>
      <line num="2" count="9" type="cond" truecount="4" falsecount="0"/>
      <line num="3" count="4" type="stmt"/>
      <line num="4" count="5" type="cond" truecount="3" falsecount="1"/>
      <line num="5" count="0" type="stmt"/>
      <line num="7" count="5" type="stmt"/>
      <line num="13" count="5" type="cond" truecount="4" falsecount="0"/>
      <line num="14" count="1" type="stmt"/>
      <line num="16" count="4" type="stmt"/>
      <line num="21" count="5" type="cond" truecount="4" falsecount="0"/>
      <line num="22" count="1" type="stmt"/>
      <line num="24" count="4" type="stmt"/>
      <line num="29" count="6" type="cond" truecount="4" falsecount="0"/>
      <line num="30" count="1" type="stmt"/>
      <line num="32" count="5" type="cond" truecount="2" falsecount="0"/>
      <line num="33" count="1" type="stmt"/>
      <line num="35" count="4" type="stmt"/>
      <line num="41" count="1" type="stmt"/>
    </file>
  </project>
</coverage>
