TN:
SF:scripts/calc.js
FN:1,addition
FN:12,subtract
FN:20,multiply
FN:28,divide
FNF:4
FNH:4
FNDA:9,addition
FNDA:5,subtract
FNDA:5,multiply
FNDA:6,divide
DA:2,9
DA:3,4
DA:4,5
DA:5,0
DA:7,5
DA:13,5
DA:14,1
DA:16,4
DA:21,5
DA:22,1
DA:24,4
DA:29,6
DA:30,1
DA:32,5
DA:33,1
DA:35,4
DA:41,1
LF:17
LH:16
BRDA:2,0,0,4
BRDA:2,0,1,5
BRDA:2,1,0,9
BRDA:2,1,1,7
BRDA:4,2,0,0
BRDA:4,2,1,5
BRDA:4,3,0,5
BRDA:4,3,1,5
BRDA:13,4,0,1
BRDA:13,4,1,4
BRDA:13,5,0,5
BRDA:13,5,1,4
BRDA:21,6,0,1
BRDA:21,6,1,4
BRDA:21,7,0,5
BRDA:21,7,1,4
BRDA:29,8,0,1
BRDA:29,8,1,5
BRDA:29,9,0,6
BRDA:29,9,1,5
BRDA:32,10,0,1
BRDA:32,10,1,4
BRF:22
BRH:21
end_of_record
