TN:
SF:scripts/calc.js
FN:1,addition
FN:10,subtract
FN:18,multiply
FN:26,divide
FNF:4
FNH:4
FNDA:5,addition
FNDA:5,subtract
FNDA:5,multiply
FNDA:6,divide
DA:2,5
DA:3,1
DA:5,4
DA:11,5
DA:12,1
DA:14,4
DA:19,5
DA:20,1
DA:22,4
DA:27,6
DA:28,1
DA:30,5
DA:31,1
DA:33,4
DA:39,1
LF:15
LH:15
BRDA:2,0,0,1
BRDA:2,0,1,4
BRDA:2,1,0,5
BRDA:2,1,1,4
BRDA:11,2,0,1
BRDA:11,2,1,4
BRDA:11,3,0,5
BRDA:11,3,1,4
BRDA:19,4,0,1
BRDA:19,4,1,4
BRDA:19,5,0,5
BRDA:19,5,1,4
BRDA:27,6,0,1
BRDA:27,6,1,5
BRDA:27,7,0,6
BRDA:27,7,1,5
BRDA:30,8,0,1
BRDA:30,8,1,4
BRF:18
BRH:18
end_of_record
